<?xml version="1.0" encoding="UTF-8"?>
<testng-results skipped="0" failed="0" total="1" passed="1">
  <reporter-output>
  </reporter-output>
  <suite name="Default suite" duration-ms="1537" started-at="2019-08-14T08:30:27Z" finished-at="2019-08-14T08:30:29Z">
    <groups>
    </groups>
    <test name="Default test" duration-ms="1537" started-at="2019-08-14T08:30:27Z" finished-at="2019-08-14T08:30:29Z">
      <class name="apiSne.Apiweather">
        <test-method status="PASS" signature="test12()[pri:0, instance:apiSne.Apiweather@5f2108b5]" name="test12" duration-ms="1527" started-at="2019-08-14T14:00:27Z" finished-at="2019-08-14T14:00:29Z">
          <reporter-output>
          </reporter-output>
        </test-method> <!-- test12 -->
      </class> <!-- apiSne.Apiweather -->
    </test> <!-- Default test -->
  </suite> <!-- Default suite -->
</testng-results>
